e:\研一\c++助教\cppexercise\exercise1\cpp_solution\q73\q73\debug\vc120.pdb
e:\研一\c++助教\cppexercise\exercise1\cpp_solution\q73\q73\debug\vc120.idb
e:\研一\c++助教\cppexercise\exercise1\cpp_solution\q73\q73\debug\q73.obj
e:\研一\c++助教\cppexercise\exercise1\cpp_solution\q73\q73\debug\classdemo.obj
e:\研一\c++助教\cppexercise\exercise1\cpp_solution\q73\debug\q73.pdb
e:\研一\c++助教\cppexercise\exercise1\cpp_solution\q73\q73\debug\q73.tlog\cl.command.1.tlog
e:\研一\c++助教\cppexercise\exercise1\cpp_solution\q73\q73\debug\q73.tlog\cl.read.1.tlog
e:\研一\c++助教\cppexercise\exercise1\cpp_solution\q73\q73\debug\q73.tlog\cl.write.1.tlog
e:\研一\c++助教\cppexercise\exercise1\cpp_solution\q73\q73\debug\q73.tlog\link-cvtres.read.1.tlog
e:\研一\c++助教\cppexercise\exercise1\cpp_solution\q73\q73\debug\q73.tlog\link-cvtres.write.1.tlog
e:\研一\c++助教\cppexercise\exercise1\cpp_solution\q73\q73\debug\q73.tlog\link-rc.read.1.tlog
e:\研一\c++助教\cppexercise\exercise1\cpp_solution\q73\q73\debug\q73.tlog\link-rc.write.1.tlog
e:\研一\c++助教\cppexercise\exercise1\cpp_solution\q73\q73\debug\q73.tlog\link.2200-cvtres.read.1.tlog
e:\研一\c++助教\cppexercise\exercise1\cpp_solution\q73\q73\debug\q73.tlog\link.2200-cvtres.write.1.tlog
e:\研一\c++助教\cppexercise\exercise1\cpp_solution\q73\q73\debug\q73.tlog\link.2200-rc.read.1.tlog
e:\研一\c++助教\cppexercise\exercise1\cpp_solution\q73\q73\debug\q73.tlog\link.2200-rc.write.1.tlog
e:\研一\c++助教\cppexercise\exercise1\cpp_solution\q73\q73\debug\q73.tlog\link.2200.read.1.tlog
e:\研一\c++助教\cppexercise\exercise1\cpp_solution\q73\q73\debug\q73.tlog\link.2200.write.1.tlog
e:\研一\c++助教\cppexercise\exercise1\cpp_solution\q73\q73\debug\q73.tlog\link.command.1.tlog
e:\研一\c++助教\cppexercise\exercise1\cpp_solution\q73\q73\debug\q73.tlog\link.read.1.tlog
e:\研一\c++助教\cppexercise\exercise1\cpp_solution\q73\q73\debug\q73.tlog\link.write.1.tlog
