Build started 2018/5/18 11:04:41.
     1>Project "E:\实习资料\实习准备\CppExercise\OODesignPattern\ObserPattern\ObserPattern.vcxproj" on node 2 (Build target(s)).
     1>ClCompile:
         C:\Program Files (x86)\Microsoft Visual Studio 12.0\VC\bin\CL.exe /c /ZI /nologo /W3 /WX- /sdl /Od /Oy- /D WIN32 /D _DEBUG /D _CONSOLE /D _LIB /D _UNICODE /D UNICODE /Gm /EHsc /RTC1 /MDd /GS /fp:precise /Zc:wchar_t /Zc:forScope /Fo"Debug\\" /Fd"Debug\vc120.pdb" /Gd /TP /analyze- /errorReport:prompt main.cpp
         main.cpp
     1>e:\实习资料\实习准备\cppexercise\oodesignpattern\obserpattern\main.cpp(1): warning C4067: unexpected tokens following preprocessor directive - expected a newline
     1>e:\实习资料\实习准备\cppexercise\oodesignpattern\obserpattern\main.cpp(2): warning C4067: unexpected tokens following preprocessor directive - expected a newline
     1>e:\实习资料\实习准备\cppexercise\oodesignpattern\obserpattern\main.cpp(3): warning C4067: unexpected tokens following preprocessor directive - expected a newline
     1>e:\实习资料\实习准备\cppexercise\oodesignpattern\obserpattern\conditiondisplay_observer.h(21): warning C4373: 'ConditionDisplay::update': virtual function overrides 'IObserver::update', previous versions of the compiler did not override when parameters only differed by const/volatile qualifiers
                 e:\实习资料\实习准备\cppexercise\oodesignpattern\obserpattern\observer.h(4) : see declaration of 'IObserver::update'
     1>e:\实习资料\实习准备\cppexercise\oodesignpattern\obserpattern\main.cpp(4): warning C4067: unexpected tokens following preprocessor directive - expected a newline
     1>e:\实习资料\实习准备\cppexercise\oodesignpattern\obserpattern\forecastdispaly_observer.h(23): warning C4373: 'ForecastDisplay::update': virtual function overrides 'IObserver::update', previous versions of the compiler did not override when parameters only differed by const/volatile qualifiers
                 e:\实习资料\实习准备\cppexercise\oodesignpattern\obserpattern\observer.h(4) : see declaration of 'IObserver::update'
     1>e:\实习资料\实习准备\cppexercise\oodesignpattern\obserpattern\main.cpp(5): warning C4067: unexpected tokens following preprocessor directive - expected a newline
       Link:
         C:\Program Files (x86)\Microsoft Visual Studio 12.0\VC\bin\link.exe /ERRORREPORT:PROMPT /OUT:"E:\实习资料\实习准备\CppExercise\OODesignPattern\Debug\ObserPattern.exe" /INCREMENTAL /NOLOGO kernel32.lib user32.lib gdi32.lib winspool.lib comdlg32.lib advapi32.lib shell32.lib ole32.lib oleaut32.lib uuid.lib odbc32.lib odbccp32.lib /MANIFEST /MANIFESTUAC:"level='asInvoker' uiAccess='false'" /manifest:embed /DEBUG /PDB:"E:\实习资料\实习准备\CppExercise\OODesignPattern\Debug\ObserPattern.pdb" /SUBSYSTEM:CONSOLE /TLBID:1 /DYNAMICBASE /NXCOMPAT /IMPLIB:"E:\实习资料\实习准备\CppExercise\OODesignPattern\Debug\ObserPattern.lib" /MACHINE:X86 Debug\main.obj
         ObserPattern.vcxproj -> E:\实习资料\实习准备\CppExercise\OODesignPattern\Debug\ObserPattern.exe
     1>Done Building Project "E:\实习资料\实习准备\CppExercise\OODesignPattern\ObserPattern\ObserPattern.vcxproj" (Build target(s)).

Build succeeded.

Time Elapsed 00:00:01.83
